[27-Jun-2017 10:38:15] Error at \framework\core\Object.php line 780: Uncaught Exception: Object->__call(): the method 'sections' does not exist on 'Page', or the method is not public. (http://localhost/silverstripe/development/master/admin/pages/edit/show/8?Locale=en_GB)
[27-Jun-2017 10:38:28] Error at \framework\core\Object.php line 780: Uncaught Exception: Object->__call(): the method 'sections' does not exist on 'Page', or the method is not public. (http://localhost/silverstripe/development/master/admin/pages/edit/show/6?Locale=en_GB)
[27-Jun-2017 11:10:03] Error at \gridfieldextensions\code\GridFieldOrderableRows.php line 166: Uncaught Exception: Couldn't find the sort field 'SortOrder' (http://localhost/silverstripe/development/master/admin/pages/edit/show/6?Locale=en_GB)
[27-Jun-2017 11:12:07] Error at \framework\core\Object.php line 780: Uncaught Exception: Object->__call(): the method 'addcomponents' does not exist on 'GridField', or the method is not public. (http://localhost/silverstripe/development/master/admin/pages/edit/show/6?Locale=en_GB)
[27-Jun-2017 11:12:27] Error at \framework\core\Object.php line 780: Uncaught Exception: Object->__call(): the method 'addcomponents' does not exist on 'GridField', or the method is not public. (http://localhost/silverstripe/development/master/admin/pages/edit/show/6?Locale=en_GB)
[27-Jun-2017 11:12:32] Error at \framework\core\Object.php line 780: Uncaught Exception: Object->__call(): the method 'addcomponents' does not exist on 'GridField', or the method is not public. (http://localhost/silverstripe/development/master/admin/pages/edit/show/6?Locale=en_GB)
[27-Jun-2017 11:16:14] Error at \framework\core\Object.php line 780: Uncaught Exception: Object->__call(): the method 'addcomponents' does not exist on 'GridField', or the method is not public. (http://localhost/silverstripe/development/master/admin/pages/edit/show/6?Locale=en_GB)
[27-Jun-2017 11:16:16] Error at \framework\core\Object.php line 780: Uncaught Exception: Object->__call(): the method 'addcomponents' does not exist on 'GridField', or the method is not public. (http://localhost/silverstripe/development/master/admin/pages/edit/show/6?Locale=en_GB)
[27-Jun-2017 11:16:42] Error at \framework\core\Object.php line 780: Uncaught Exception: Object->__call(): the method 'addcomponents' does not exist on 'GridField', or the method is not public. (http://localhost/silverstripe/development/master/admin/pages/edit/show/6?Locale=en_GB)
[27-Jun-2017 11:16:56] Error at \framework\core\Object.php line 780: Uncaught Exception: Object->__call(): the method 'addcomponents' does not exist on 'GridField', or the method is not public. (http://localhost/silverstripe/development/master/admin/pages/edit/show/6?Locale=en_GB)
[27-Jun-2017 11:17:05] Error at \framework\core\Object.php line 780: Uncaught Exception: Object->__call(): the method 'addcomponents' does not exist on 'GridField', or the method is not public. (http://localhost/silverstripe/development/master/admin/pages/edit/show/6?Locale=en_GB)
[27-Jun-2017 11:53:07] Warning at \framework\forms\FieldList.php line 117: Missing argument 2 for FieldList::addFieldToTab(), called in C:\Apache24\htdocs\silverstripe\development\master\mysite\code\SectionImageBlock.php on line 17 and defined (http://localhost/silverstripe/development/master/admin/pages/edit/EditForm/6/field/Sections/add-multi-class/SectionImageBlock?Locale=en_GB)
[27-Jun-2017 11:53:07] Error at \framework\forms\FieldList.php line 319: FieldList::addFieldToTab() Tried to add a tab to object 'FieldList' - 'UploadField' didn't exist. (http://localhost/silverstripe/development/master/admin/pages/edit/EditForm/6/field/Sections/add-multi-class/SectionImageBlock?Locale=en_GB)
[27-Jun-2017 11:53:20] Warning at \framework\forms\FieldList.php line 117: Missing argument 2 for FieldList::addFieldToTab(), called in C:\Apache24\htdocs\silverstripe\development\master\mysite\code\SectionImageBlock.php on line 17 and defined (http://localhost/silverstripe/development/master/admin/pages/edit/EditForm/6/field/Sections/add-multi-class/SectionImageBlock?Locale=en_GB)
[27-Jun-2017 11:53:20] Error at \framework\forms\FieldList.php line 319: FieldList::addFieldToTab() Tried to add a tab to object 'FieldList' - 'UploadField' didn't exist. (http://localhost/silverstripe/development/master/admin/pages/edit/EditForm/6/field/Sections/add-multi-class/SectionImageBlock?Locale=en_GB)
[27-Jun-2017 11:53:31] Warning at \framework\forms\FieldList.php line 117: Missing argument 2 for FieldList::addFieldToTab(), called in C:\Apache24\htdocs\silverstripe\development\master\mysite\code\SectionImageBlock.php on line 17 and defined (http://localhost/silverstripe/development/master/admin/pages/edit/EditForm/6/field/Sections/add-multi-class/SectionImageBlock?Locale=en_GB)
[27-Jun-2017 11:53:31] Error at \framework\forms\FieldList.php line 319: FieldList::addFieldToTab() Tried to add a tab to object 'FieldList' - 'UploadField' didn't exist. (http://localhost/silverstripe/development/master/admin/pages/edit/EditForm/6/field/Sections/add-multi-class/SectionImageBlock?Locale=en_GB)
[27-Jun-2017 11:57:32] Error at \framework\forms\FieldList.php line 319: FieldList::addFieldToTab() Tried to add a tab to object 'FieldList' - 'Root' didn't exist. (http://localhost/silverstripe/development/master/admin/pages/edit/EditForm/6/field/Sections/add-multi-class/SectionImageBlock?Locale=en_GB)
[27-Jun-2017 11:58:30] Error at \framework\forms\FieldList.php line 319: FieldList::addFieldToTab() Tried to add a tab to object 'FieldList' - 'Root' didn't exist. (http://localhost/silverstripe/development/master/admin/pages/edit/EditForm/6/field/Sections/add-multi-class/SectionImageBlock?Locale=en_GB)
[27-Jun-2017 12:01:08] Error at \framework\forms\FieldList.php line 319: FieldList::addFieldToTab() Tried to add a tab to object 'FieldList' - 'Root' didn't exist. (http://localhost/silverstripe/development/master/admin/pages/edit/EditForm/6/field/Sections/add-multi-class/SectionImageBlock?Locale=en_GB)
[27-Jun-2017 12:01:29] Error at \framework\forms\FieldList.php line 319: FieldList::addFieldToTab() Tried to add a tab to object 'FieldList' - 'Root' didn't exist. (http://localhost/silverstripe/development/master/admin/pages/edit/EditForm/6/field/Sections/add-multi-class/SectionImageBlock?Locale=en_GB)
[27-Jun-2017 12:01:39] Error at \framework\forms\FieldList.php line 319: FieldList::addFieldToTab() Tried to add a tab to object 'FieldList' - 'Root' didn't exist. (http://localhost/silverstripe/development/master/admin/pages/edit/EditForm/6/field/Sections/add-multi-class/SectionImageBlock?Locale=en_GB)
[27-Jun-2017 12:03:03] Error at \framework\forms\FieldList.php line 319: FieldList::addFieldToTab() Tried to add a tab to object 'FieldList' - 'Root' didn't exist. (http://localhost/silverstripe/development/master/admin/pages/edit/EditForm/6/field/Sections/add-multi-class/SectionImageBlock?Locale=en_GB)
[27-Jun-2017 12:03:18] Error at \framework\forms\FieldList.php line 319: FieldList::addFieldToTab() Tried to add a tab to object 'FieldList' - 'Root' didn't exist. (http://localhost/silverstripe/development/master/admin/pages/edit/EditForm/6/field/Sections/add-multi-class/SectionImageBlock?Locale=en_GB)
[27-Jun-2017 12:04:00] Error at \framework\forms\FieldList.php line 319: FieldList::addFieldToTab() Tried to add a tab to object 'FieldList' - 'Root' didn't exist. (http://localhost/silverstripe/development/master/admin/pages/edit/EditForm/6/field/Sections/add-multi-class/SectionImageBlock?Locale=en_GB)
[27-Jun-2017 12:07:50] Error at \framework\forms\FieldList.php line 319: FieldList::addFieldToTab() Tried to add a tab to object 'FieldList' - 'TextField' didn't exist. (http://localhost/silverstripe/development/master/admin/pages/edit/EditForm/6/field/Sections/add-multi-class/SectionImageBlock?Locale=en_GB)
[27-Jun-2017 12:08:05] Error at \framework\forms\FieldList.php line 319: FieldList::addFieldToTab() Tried to add a tab to object 'FieldList' - 'TextField' didn't exist. (http://localhost/silverstripe/development/master/admin/pages/edit/EditForm/6/field/Sections/add-multi-class/SectionImageBlock?Locale=en_GB)
[27-Jun-2017 12:33:27] Warning at \framework\forms\CompositeField.php line 220: Argument 1 passed to CompositeField::push() must be an instance of FormField, null given, called in C:\Apache24\htdocs\silverstripe\development\master\framework\forms\FieldList.php on line 126 and defined (http://localhost/silverstripe/development/master/admin/pages/edit/EditForm/6/field/Sections/add-multi-class/SectionImageBlock?Locale=en_GB)
[27-Jun-2017 12:33:30] Warning at \framework\forms\CompositeField.php line 220: Argument 1 passed to CompositeField::push() must be an instance of FormField, null given, called in C:\Apache24\htdocs\silverstripe\development\master\framework\forms\FieldList.php on line 126 and defined (http://localhost/silverstripe/development/master/admin/pages/edit/EditForm/6/field/Sections/add-multi-class/SectionImageBlock?Locale=en_GB)
[27-Jun-2017 12:51:13] Error at \framework\forms\FieldList.php line 319: FieldList::addFieldToTab() Tried to add a tab to object 'FieldList' - 'Root' didn't exist. (http://localhost/silverstripe/development/master/admin/pages/edit/EditForm/6/field/Sections/add-multi-class/SectionImageBlock?Locale=en_GB)
[27-Jun-2017 12:59:59] Warning at \framework\forms\FieldList.php line 185: Invalid argument supplied for foreach() (http://localhost/silverstripe/development/master/admin/pages/edit/EditForm/6/field/Sections/add-multi-class/SectionImageBlock?Locale=en_GB)
[27-Jun-2017 13:01:43] Warning at \framework\forms\FieldList.php line 185: Invalid argument supplied for foreach() (http://localhost/silverstripe/development/master/admin/pages/edit/EditForm/6/field/Sections/add-multi-class/SectionImageBlock?Locale=en_GB)
[27-Jun-2017 13:04:28] Warning at \framework\forms\CompositeField.php line 220: Argument 1 passed to CompositeField::push() must be an instance of FormField, null given, called in C:\Apache24\htdocs\silverstripe\development\master\framework\forms\FieldList.php on line 126 and defined (http://localhost/silverstripe/development/master/admin/pages/edit/EditForm/6/field/Sections/add-multi-class/SectionImageBlock?Locale=en_GB)
[27-Jun-2017 13:05:11] Warning at \framework\forms\CompositeField.php line 220: Argument 1 passed to CompositeField::push() must be an instance of FormField, null given, called in C:\Apache24\htdocs\silverstripe\development\master\framework\forms\FieldList.php on line 126 and defined (http://localhost/silverstripe/development/master/admin/pages/edit/EditForm/6/field/Sections/add-multi-class/SectionImageBlock?Locale=en_GB)
[27-Jun-2017 13:05:22] Warning at \framework\forms\CompositeField.php line 220: Argument 1 passed to CompositeField::push() must be an instance of FormField, null given, called in C:\Apache24\htdocs\silverstripe\development\master\framework\forms\FieldList.php on line 126 and defined (http://localhost/silverstripe/development/master/admin/pages/edit/EditForm/6/field/Sections/add-multi-class/SectionImageBlock?Locale=en_GB)
[27-Jun-2017 13:05:28] Warning at \framework\forms\CompositeField.php line 220: Argument 1 passed to CompositeField::push() must be an instance of FormField, null given, called in C:\Apache24\htdocs\silverstripe\development\master\framework\forms\FieldList.php on line 126 and defined (http://localhost/silverstripe/development/master/admin/pages/edit/EditForm/6/field/Sections/add-multi-class/SectionImageBlock?Locale=en_GB)
[27-Jun-2017 13:05:40] Warning at \framework\forms\CompositeField.php line 220: Argument 1 passed to CompositeField::push() must be an instance of FormField, null given, called in C:\Apache24\htdocs\silverstripe\development\master\framework\forms\FieldList.php on line 126 and defined (http://localhost/silverstripe/development/master/admin/pages/edit/EditForm/6/field/Sections/add-multi-class/SectionImageBlock?Locale=en_GB)
[27-Jun-2017 13:08:14] Warning at \framework\forms\CompositeField.php line 220: Argument 1 passed to CompositeField::push() must be an instance of FormField, null given, called in C:\Apache24\htdocs\silverstripe\development\master\framework\forms\FieldList.php on line 126 and defined (http://localhost/silverstripe/development/master/admin/pages/edit/EditForm/6/field/Sections/add-multi-class/SectionImageBlock?Locale=en_GB)
[27-Jun-2017 13:13:31] Warning at \mysite\code\Section.php line 19: var_export does not handle circular references (http://localhost/silverstripe/development/master/admin/pages/edit/EditForm/6/field/Sections/add-multi-class/SectionImageBlock?Locale=en_GB)
[27-Jun-2017 13:13:31] Warning at \mysite\code\Section.php line 19: var_export does not handle circular references (http://localhost/silverstripe/development/master/admin/pages/edit/EditForm/6/field/Sections/add-multi-class/SectionImageBlock?Locale=en_GB)
[27-Jun-2017 13:13:31] Warning at \mysite\code\Section.php line 19: var_export does not handle circular references (http://localhost/silverstripe/development/master/admin/pages/edit/EditForm/6/field/Sections/add-multi-class/SectionImageBlock?Locale=en_GB)
[27-Jun-2017 13:13:31] Warning at \mysite\code\Section.php line 19: var_export does not handle circular references (http://localhost/silverstripe/development/master/admin/pages/edit/EditForm/6/field/Sections/add-multi-class/SectionImageBlock?Locale=en_GB)
[27-Jun-2017 13:13:31] Warning at \mysite\code\Section.php line 19: var_export does not handle circular references (http://localhost/silverstripe/development/master/admin/pages/edit/EditForm/6/field/Sections/add-multi-class/SectionImageBlock?Locale=en_GB)
[27-Jun-2017 13:13:31] Warning at \mysite\code\Section.php line 19: var_export does not handle circular references (http://localhost/silverstripe/development/master/admin/pages/edit/EditForm/6/field/Sections/add-multi-class/SectionImageBlock?Locale=en_GB)
[27-Jun-2017 13:13:31] Warning at \mysite\code\Section.php line 19: var_export does not handle circular references (http://localhost/silverstripe/development/master/admin/pages/edit/EditForm/6/field/Sections/add-multi-class/SectionImageBlock?Locale=en_GB)
[27-Jun-2017 13:13:31] Warning at \mysite\code\Section.php line 19: var_export does not handle circular references (http://localhost/silverstripe/development/master/admin/pages/edit/EditForm/6/field/Sections/add-multi-class/SectionImageBlock?Locale=en_GB)
[27-Jun-2017 13:13:31] Warning at \mysite\code\Section.php line 19: var_export does not handle circular references (http://localhost/silverstripe/development/master/admin/pages/edit/EditForm/6/field/Sections/add-multi-class/SectionImageBlock?Locale=en_GB)
[27-Jun-2017 13:13:35] Warning at \mysite\code\Section.php line 19: var_export does not handle circular references (http://localhost/silverstripe/development/master/admin/pages/edit/EditForm/6/field/Sections/add-multi-class/SectionImageBlock?Locale=en_GB)
[27-Jun-2017 13:13:35] Warning at \mysite\code\Section.php line 19: var_export does not handle circular references (http://localhost/silverstripe/development/master/admin/pages/edit/EditForm/6/field/Sections/add-multi-class/SectionImageBlock?Locale=en_GB)
[27-Jun-2017 13:13:35] Warning at \mysite\code\Section.php line 19: var_export does not handle circular references (http://localhost/silverstripe/development/master/admin/pages/edit/EditForm/6/field/Sections/add-multi-class/SectionImageBlock?Locale=en_GB)
[27-Jun-2017 13:13:35] Warning at \mysite\code\Section.php line 19: var_export does not handle circular references (http://localhost/silverstripe/development/master/admin/pages/edit/EditForm/6/field/Sections/add-multi-class/SectionImageBlock?Locale=en_GB)
[27-Jun-2017 13:13:35] Warning at \mysite\code\Section.php line 19: var_export does not handle circular references (http://localhost/silverstripe/development/master/admin/pages/edit/EditForm/6/field/Sections/add-multi-class/SectionImageBlock?Locale=en_GB)
[27-Jun-2017 13:13:35] Warning at \mysite\code\Section.php line 19: var_export does not handle circular references (http://localhost/silverstripe/development/master/admin/pages/edit/EditForm/6/field/Sections/add-multi-class/SectionImageBlock?Locale=en_GB)
[27-Jun-2017 13:13:35] Warning at \mysite\code\Section.php line 19: var_export does not handle circular references (http://localhost/silverstripe/development/master/admin/pages/edit/EditForm/6/field/Sections/add-multi-class/SectionImageBlock?Locale=en_GB)
[27-Jun-2017 13:13:35] Warning at \mysite\code\Section.php line 19: var_export does not handle circular references (http://localhost/silverstripe/development/master/admin/pages/edit/EditForm/6/field/Sections/add-multi-class/SectionImageBlock?Locale=en_GB)
[27-Jun-2017 13:13:35] Warning at \mysite\code\Section.php line 19: var_export does not handle circular references (http://localhost/silverstripe/development/master/admin/pages/edit/EditForm/6/field/Sections/add-multi-class/SectionImageBlock?Locale=en_GB)
[27-Jun-2017 13:13:42] Warning at \mysite\code\Section.php line 19: var_export does not handle circular references (http://localhost/silverstripe/development/master/admin/pages/edit/EditForm/6/field/Sections/add-multi-class/SectionImageBlock?Locale=en_GB)
[27-Jun-2017 13:13:42] Warning at \mysite\code\Section.php line 19: var_export does not handle circular references (http://localhost/silverstripe/development/master/admin/pages/edit/EditForm/6/field/Sections/add-multi-class/SectionImageBlock?Locale=en_GB)
[27-Jun-2017 13:13:42] Warning at \mysite\code\Section.php line 19: var_export does not handle circular references (http://localhost/silverstripe/development/master/admin/pages/edit/EditForm/6/field/Sections/add-multi-class/SectionImageBlock?Locale=en_GB)
[27-Jun-2017 13:13:42] Warning at \mysite\code\Section.php line 19: var_export does not handle circular references (http://localhost/silverstripe/development/master/admin/pages/edit/EditForm/6/field/Sections/add-multi-class/SectionImageBlock?Locale=en_GB)
[27-Jun-2017 13:13:42] Warning at \mysite\code\Section.php line 19: var_export does not handle circular references (http://localhost/silverstripe/development/master/admin/pages/edit/EditForm/6/field/Sections/add-multi-class/SectionImageBlock?Locale=en_GB)
[27-Jun-2017 13:13:42] Warning at \mysite\code\Section.php line 19: var_export does not handle circular references (http://localhost/silverstripe/development/master/admin/pages/edit/EditForm/6/field/Sections/add-multi-class/SectionImageBlock?Locale=en_GB)
[27-Jun-2017 13:13:42] Warning at \mysite\code\Section.php line 19: var_export does not handle circular references (http://localhost/silverstripe/development/master/admin/pages/edit/EditForm/6/field/Sections/add-multi-class/SectionImageBlock?Locale=en_GB)
[27-Jun-2017 13:13:42] Warning at \mysite\code\Section.php line 19: var_export does not handle circular references (http://localhost/silverstripe/development/master/admin/pages/edit/EditForm/6/field/Sections/add-multi-class/SectionImageBlock?Locale=en_GB)
[27-Jun-2017 13:13:42] Warning at \mysite\code\Section.php line 19: var_export does not handle circular references (http://localhost/silverstripe/development/master/admin/pages/edit/EditForm/6/field/Sections/add-multi-class/SectionImageBlock?Locale=en_GB)
[27-Jun-2017 13:13:44] Warning at \mysite\code\Section.php line 19: var_export does not handle circular references (http://localhost/silverstripe/development/master/admin/pages/edit/EditForm/6/field/Sections/add-multi-class/SectionImageBlock?Locale=en_GB)
[27-Jun-2017 13:13:44] Warning at \mysite\code\Section.php line 19: var_export does not handle circular references (http://localhost/silverstripe/development/master/admin/pages/edit/EditForm/6/field/Sections/add-multi-class/SectionImageBlock?Locale=en_GB)
[27-Jun-2017 13:13:44] Warning at \mysite\code\Section.php line 19: var_export does not handle circular references (http://localhost/silverstripe/development/master/admin/pages/edit/EditForm/6/field/Sections/add-multi-class/SectionImageBlock?Locale=en_GB)
[27-Jun-2017 13:13:44] Warning at \mysite\code\Section.php line 19: var_export does not handle circular references (http://localhost/silverstripe/development/master/admin/pages/edit/EditForm/6/field/Sections/add-multi-class/SectionImageBlock?Locale=en_GB)
[27-Jun-2017 13:13:44] Warning at \mysite\code\Section.php line 19: var_export does not handle circular references (http://localhost/silverstripe/development/master/admin/pages/edit/EditForm/6/field/Sections/add-multi-class/SectionImageBlock?Locale=en_GB)
[27-Jun-2017 13:13:44] Warning at \mysite\code\Section.php line 19: var_export does not handle circular references (http://localhost/silverstripe/development/master/admin/pages/edit/EditForm/6/field/Sections/add-multi-class/SectionImageBlock?Locale=en_GB)
[27-Jun-2017 13:13:44] Warning at \mysite\code\Section.php line 19: var_export does not handle circular references (http://localhost/silverstripe/development/master/admin/pages/edit/EditForm/6/field/Sections/add-multi-class/SectionImageBlock?Locale=en_GB)
[27-Jun-2017 13:13:44] Warning at \mysite\code\Section.php line 19: var_export does not handle circular references (http://localhost/silverstripe/development/master/admin/pages/edit/EditForm/6/field/Sections/add-multi-class/SectionImageBlock?Locale=en_GB)
[27-Jun-2017 13:13:44] Warning at \mysite\code\Section.php line 19: var_export does not handle circular references (http://localhost/silverstripe/development/master/admin/pages/edit/EditForm/6/field/Sections/add-multi-class/SectionImageBlock?Locale=en_GB)
[27-Jun-2017 13:14:54] Warning at \mysite\code\Section.php line 19: var_export does not handle circular references (http://localhost/silverstripe/development/master/admin/pages/edit/EditForm/6/field/Sections/add-multi-class/SectionImageBlock?Locale=en_GB)
[27-Jun-2017 13:14:54] Warning at \mysite\code\Section.php line 19: var_export does not handle circular references (http://localhost/silverstripe/development/master/admin/pages/edit/EditForm/6/field/Sections/add-multi-class/SectionImageBlock?Locale=en_GB)
[27-Jun-2017 13:14:54] Warning at \mysite\code\Section.php line 19: var_export does not handle circular references (http://localhost/silverstripe/development/master/admin/pages/edit/EditForm/6/field/Sections/add-multi-class/SectionImageBlock?Locale=en_GB)
[27-Jun-2017 13:14:54] Warning at \mysite\code\Section.php line 19: var_export does not handle circular references (http://localhost/silverstripe/development/master/admin/pages/edit/EditForm/6/field/Sections/add-multi-class/SectionImageBlock?Locale=en_GB)
[27-Jun-2017 13:14:54] Warning at \mysite\code\Section.php line 19: var_export does not handle circular references (http://localhost/silverstripe/development/master/admin/pages/edit/EditForm/6/field/Sections/add-multi-class/SectionImageBlock?Locale=en_GB)
[27-Jun-2017 13:14:54] Warning at \mysite\code\Section.php line 19: var_export does not handle circular references (http://localhost/silverstripe/development/master/admin/pages/edit/EditForm/6/field/Sections/add-multi-class/SectionImageBlock?Locale=en_GB)
[27-Jun-2017 13:14:54] Warning at \mysite\code\Section.php line 19: var_export does not handle circular references (http://localhost/silverstripe/development/master/admin/pages/edit/EditForm/6/field/Sections/add-multi-class/SectionImageBlock?Locale=en_GB)
[27-Jun-2017 13:14:54] Warning at \mysite\code\Section.php line 19: var_export does not handle circular references (http://localhost/silverstripe/development/master/admin/pages/edit/EditForm/6/field/Sections/add-multi-class/SectionImageBlock?Locale=en_GB)
[27-Jun-2017 13:14:54] Warning at \mysite\code\Section.php line 19: var_export does not handle circular references (http://localhost/silverstripe/development/master/admin/pages/edit/EditForm/6/field/Sections/add-multi-class/SectionImageBlock?Locale=en_GB)
[27-Jun-2017 13:16:54] Warning at \mysite\code\Section.php line 19: var_export does not handle circular references (http://localhost/silverstripe/development/master/admin/pages/edit/EditForm/6/field/Sections/add-multi-class/SectionImageBlock?Locale=en_GB)
[27-Jun-2017 13:16:54] Warning at \mysite\code\Section.php line 19: var_export does not handle circular references (http://localhost/silverstripe/development/master/admin/pages/edit/EditForm/6/field/Sections/add-multi-class/SectionImageBlock?Locale=en_GB)
[27-Jun-2017 13:16:54] Warning at \mysite\code\Section.php line 19: var_export does not handle circular references (http://localhost/silverstripe/development/master/admin/pages/edit/EditForm/6/field/Sections/add-multi-class/SectionImageBlock?Locale=en_GB)
[27-Jun-2017 13:16:54] Warning at \mysite\code\Section.php line 19: var_export does not handle circular references (http://localhost/silverstripe/development/master/admin/pages/edit/EditForm/6/field/Sections/add-multi-class/SectionImageBlock?Locale=en_GB)
[27-Jun-2017 13:16:54] Warning at \mysite\code\Section.php line 19: var_export does not handle circular references (http://localhost/silverstripe/development/master/admin/pages/edit/EditForm/6/field/Sections/add-multi-class/SectionImageBlock?Locale=en_GB)
[27-Jun-2017 13:16:54] Warning at \mysite\code\Section.php line 19: var_export does not handle circular references (http://localhost/silverstripe/development/master/admin/pages/edit/EditForm/6/field/Sections/add-multi-class/SectionImageBlock?Locale=en_GB)
[27-Jun-2017 13:16:54] Warning at \mysite\code\Section.php line 19: var_export does not handle circular references (http://localhost/silverstripe/development/master/admin/pages/edit/EditForm/6/field/Sections/add-multi-class/SectionImageBlock?Locale=en_GB)
[27-Jun-2017 13:16:54] Warning at \mysite\code\Section.php line 19: var_export does not handle circular references (http://localhost/silverstripe/development/master/admin/pages/edit/EditForm/6/field/Sections/add-multi-class/SectionImageBlock?Locale=en_GB)
[27-Jun-2017 13:16:54] Warning at \mysite\code\Section.php line 19: var_export does not handle circular references (http://localhost/silverstripe/development/master/admin/pages/edit/EditForm/6/field/Sections/add-multi-class/SectionImageBlock?Locale=en_GB)
[27-Jun-2017 13:20:33] Error at \framework\forms\FieldList.php line 319: FieldList::addFieldToTab() Tried to add a tab to object 'FieldList' - 'Root' didn't exist. (http://localhost/silverstripe/development/master/admin/pages/edit/EditForm/6/field/Sections/add-multi-class/SectionImageBlock?Locale=en_GB)
[27-Jun-2017 13:22:20] Warning at \mysite\code\Section.php line 21: var_export does not handle circular references (http://localhost/silverstripe/development/master/admin/pages/edit/EditForm/6/field/Sections/add-multi-class/SectionImageBlock?Locale=en_GB)
[27-Jun-2017 13:22:20] Warning at \mysite\code\Section.php line 21: var_export does not handle circular references (http://localhost/silverstripe/development/master/admin/pages/edit/EditForm/6/field/Sections/add-multi-class/SectionImageBlock?Locale=en_GB)
[27-Jun-2017 13:22:20] Warning at \mysite\code\Section.php line 21: var_export does not handle circular references (http://localhost/silverstripe/development/master/admin/pages/edit/EditForm/6/field/Sections/add-multi-class/SectionImageBlock?Locale=en_GB)
[27-Jun-2017 13:22:20] Warning at \mysite\code\Section.php line 21: var_export does not handle circular references (http://localhost/silverstripe/development/master/admin/pages/edit/EditForm/6/field/Sections/add-multi-class/SectionImageBlock?Locale=en_GB)
[27-Jun-2017 13:22:20] Warning at \mysite\code\Section.php line 21: var_export does not handle circular references (http://localhost/silverstripe/development/master/admin/pages/edit/EditForm/6/field/Sections/add-multi-class/SectionImageBlock?Locale=en_GB)
[27-Jun-2017 13:22:20] Warning at \mysite\code\Section.php line 21: var_export does not handle circular references (http://localhost/silverstripe/development/master/admin/pages/edit/EditForm/6/field/Sections/add-multi-class/SectionImageBlock?Locale=en_GB)
[27-Jun-2017 13:22:20] Warning at \mysite\code\Section.php line 21: var_export does not handle circular references (http://localhost/silverstripe/development/master/admin/pages/edit/EditForm/6/field/Sections/add-multi-class/SectionImageBlock?Locale=en_GB)
[27-Jun-2017 13:22:20] Warning at \mysite\code\Section.php line 21: var_export does not handle circular references (http://localhost/silverstripe/development/master/admin/pages/edit/EditForm/6/field/Sections/add-multi-class/SectionImageBlock?Locale=en_GB)
[27-Jun-2017 13:22:20] Warning at \mysite\code\Section.php line 21: var_export does not handle circular references (http://localhost/silverstripe/development/master/admin/pages/edit/EditForm/6/field/Sections/add-multi-class/SectionImageBlock?Locale=en_GB)
[27-Jun-2017 15:15:31] Warning at \framework\view\SSViewer.php line 918: None of the following templates could be found in theme "custom": Blocks/ImageBlock.ss (http://localhost/silverstripe/development/master/)
[27-Jun-2017 15:15:31] Warning at \framework\view\SSViewer.php line 1202: file_get_contents(): Filename cannot be empty (http://localhost/silverstripe/development/master/)
[27-Jun-2017 15:17:49] Warning at \framework\view\SSViewer.php line 918: None of the following templates could be found in theme "custom": Blocks/SectionTextBlock.ss (http://localhost/silverstripe/development/master/)
[27-Jun-2017 15:17:49] Warning at \framework\view\SSViewer.php line 1202: file_get_contents(): Filename cannot be empty (http://localhost/silverstripe/development/master/)
[27-Jun-2017 15:17:49] Warning at \framework\view\SSViewer.php line 918: None of the following templates could be found in theme "custom": Blocks/SectionImageBlock.ss (http://localhost/silverstripe/development/master/)
[27-Jun-2017 15:18:10] Warning at \framework\view\SSViewer.php line 918: None of the following templates could be found in theme "custom": Blocks/SectionTextBlock.ss (http://localhost/silverstripe/development/master/)
[27-Jun-2017 15:18:10] Warning at \framework\view\SSViewer.php line 918: None of the following templates could be found in theme "custom": Blocks/SectionImageBlock.ss (http://localhost/silverstripe/development/master/)
[27-Jun-2017 15:18:22] Error at \framework\core\Object.php line 780: Uncaught Exception: Object->__call(): the method 'fortemplate' does not exist on 'SectionTextBlock', or the method is not public. (http://localhost/silverstripe/development/master/)
[27-Jun-2017 15:18:24] Error at \framework\core\Object.php line 780: Uncaught Exception: Object->__call(): the method 'fortemplate' does not exist on 'SectionTextBlock', or the method is not public. (http://localhost/silverstripe/development/master/)
[27-Jun-2017 15:18:40] Error at \framework\core\Object.php line 780: Uncaught Exception: Object->__call(): the method 'fortemplate' does not exist on 'SectionTextBlock', or the method is not public. (http://localhost/silverstripe/development/master/)
[27-Jun-2017 15:18:41] Error at \framework\core\Object.php line 780: Uncaught Exception: Object->__call(): the method 'fortemplate' does not exist on 'SectionTextBlock', or the method is not public. (http://localhost/silverstripe/development/master/)
[27-Jun-2017 16:17:34] Error at \framework\core\Object.php line 780: Uncaught Exception: Object->__call(): the method 'setratiosize' does not exist on 'UploadField', or the method is not public. (http://localhost/silverstripe/development/master/admin/pages/edit/EditForm/6/field/Sections/add-multi-class/SectionImageBlock?Locale=en_GB)
